<?xml version="1.0" encoding="UTF-8"?>
<!-- Generated by org.testng.reporters.JUnitXMLReporter -->
<testsuite ignored="2" hostname="DESKTOP-OTDRJOF" failures="0" tests="1" name="Test" time="0.638" errors="0" timestamp="2020-09-06T00:24:41 EDT">
  <testcase classname="com.plaid.testcases.Login" name="login" time="0.045"/>
  <testcase classname="com.plaid.base.TestBase" name="@BeforeSuite setUp" time="0.0">
    <ignored/>
  </testcase> <!-- @BeforeSuite setUp -->
  <testcase classname="com.plaid.base.TestBase" name="@AfterSuite tearDown" time="0.0">
    <ignored/>
  </testcase> <!-- @AfterSuite tearDown -->
</testsuite> <!-- Test -->
