<?xml version="1.0" encoding="UTF-8"?>
<testng-results ignored="2" total="3" passed="1" failed="0" skipped="0">
  <reporter-output>
    <line>
      <![CDATA[Click to see Screenshot]]>
    </line>
    <line>
      <![CDATA[<a target="_blank" href=Sun_Sep_06_00_24_41_EDT_2020.jpg>Screenshot</a>]]>
    </line>
    <line>
      <![CDATA[<br>]]>
    </line>
    <line>
      <![CDATA[<br>]]>
    </line>
    <line>
      <![CDATA[<a target="_blank" href=Sun_Sep_06_00_24_41_EDT_2020.jpg><img src=Sun_Sep_06_00_24_41_EDT_2020.jpg height=200 width=200></img></a>]]>
    </line>
  </reporter-output>
  <suite started-at="2020-09-06T00:24:41 EDT" name="Suite" finished-at="2020-09-06T00:24:41 EDT" duration-ms="638">
    <groups>
    </groups>
    <test started-at="2020-09-06T00:24:41 EDT" name="Test" finished-at="2020-09-06T00:24:41 EDT" duration-ms="638">
      <class name="com.plaid.base.TestBase">
        <test-method is-config="true" signature="setUp()[pri:0, instance:com.plaid.base.TestBase@31add175]" started-at="2020-09-06T00:24:33 EDT" name="setUp" finished-at="2020-09-06T00:24:41 EDT" duration-ms="7689" status="PASS">
          <reporter-output>
          </reporter-output>
        </test-method> <!-- setUp -->
        <test-method is-config="true" signature="tearDown()[pri:0, instance:com.plaid.base.TestBase@31add175]" started-at="2020-09-06T00:24:41 EDT" name="tearDown" finished-at="2020-09-06T00:24:42 EDT" duration-ms="693" status="PASS">
          <reporter-output>
          </reporter-output>
        </test-method> <!-- tearDown -->
      </class> <!-- com.plaid.base.TestBase -->
      <class name="com.plaid.testcases.Login">
        <test-method signature="login()[pri:0, instance:com.plaid.testcases.Login@ae3540e]" started-at="2020-09-06T00:24:41 EDT" name="login" finished-at="2020-09-06T00:24:41 EDT" duration-ms="45" status="PASS">
          <reporter-output>
            <line>
              <![CDATA[Click to see Screenshot]]>
            </line>
            <line>
              <![CDATA[<a target="_blank" href=Sun_Sep_06_00_24_41_EDT_2020.jpg>Screenshot</a>]]>
            </line>
            <line>
              <![CDATA[<br>]]>
            </line>
            <line>
              <![CDATA[<br>]]>
            </line>
            <line>
              <![CDATA[<a target="_blank" href=Sun_Sep_06_00_24_41_EDT_2020.jpg><img src=Sun_Sep_06_00_24_41_EDT_2020.jpg height=200 width=200></img></a>]]>
            </line>
          </reporter-output>
        </test-method> <!-- login -->
      </class> <!-- com.plaid.testcases.Login -->
    </test> <!-- Test -->
  </suite> <!-- Suite -->
</testng-results>
