<?xml version="1.0" encoding="UTF-8"?>
<testng-results ignored="0" total="1" passed="1" failed="0" skipped="0">
  <reporter-output>
  </reporter-output>
  <suite started-at="2020-09-05T23:08:29 EDT" name="Default suite" finished-at="2020-09-05T23:08:29 EDT" duration-ms="74">
    <groups>
    </groups>
    <test started-at="2020-09-05T23:08:29 EDT" name="Default test" finished-at="2020-09-05T23:08:29 EDT" duration-ms="74">
      <class name="com.plaid.testcases.Login">
        <test-method is-config="true" signature="setUp()[pri:0, instance:com.plaid.testcases.Login@6e005dc9]" started-at="2020-09-05T23:08:21 EDT" name="setUp" finished-at="2020-09-05T23:08:29 EDT" duration-ms="7805" status="PASS">
          <reporter-output>
          </reporter-output>
        </test-method> <!-- setUp -->
        <test-method signature="login()[pri:0, instance:com.plaid.testcases.Login@6e005dc9]" started-at="2020-09-05T23:08:29 EDT" name="login" finished-at="2020-09-05T23:08:29 EDT" duration-ms="57" status="PASS">
          <reporter-output>
          </reporter-output>
        </test-method> <!-- login -->
        <test-method is-config="true" signature="tearDown()[pri:0, instance:com.plaid.testcases.Login@6e005dc9]" started-at="2020-09-05T23:08:29 EDT" name="tearDown" finished-at="2020-09-05T23:08:30 EDT" duration-ms="702" status="PASS">
          <reporter-output>
          </reporter-output>
        </test-method> <!-- tearDown -->
      </class> <!-- com.plaid.testcases.Login -->
    </test> <!-- Default test -->
  </suite> <!-- Default suite -->
</testng-results>
